<html>
<body>
<pre>
<h1>Vision Build Log</h1>
<h2>Project:</h2>
C:\Users\19745\Desktop\单片机\7.2定时器控制流水灯\7.2定时器.uvproj
Project File Date:  11/10/2023

<h2>Output:</h2>
Build target '目标 1'
compiling main.c...
MAIN.C(49): warning C206: 'Timer0_Tnit': missing function-prototype
linking...
*** WARNING L16: UNCALLED SEGMENT, IGNORED FOR OVERLAY PROCESS
    SEGMENT: ?PR?TIMER0INIT?MAIN
*** WARNING L1: UNRESOLVED EXTERNAL SYMBOL
    SYMBOL:  TIMER0_TNIT
    MODULE:  main.obj (MAIN)
*** WARNING L2: REFERENCE MADE TO UNRESOLVED EXTERNAL
    SYMBOL:  TIMER0_TNIT
    MODULE:  main.obj (MAIN)
    ADDRESS: 088AH
Program Size: data=11.0 xdata=0 code=148
creating hex file from "7.2定时器"...
"7.2定时器" - 0 Error(s), 4 Warning(s).
Build target '目标 1'
compiling main.c...
linking...
Program Size: data=11.0 xdata=0 code=148
creating hex file from "7.2定时器"...
"7.2定时器" - 0 Error(s), 0 Warning(s).
Build target '目标 1'
compiling main.c...
linking...
Program Size: data=11.0 xdata=0 code=148
creating hex file from "7.2定时器"...
"7.2定时器" - 0 Error(s), 0 Warning(s).
Build target '目标 1'
compiling main.c...
linking...
Program Size: data=11.0 xdata=0 code=148
creating hex file from "7.2定时器"...
"7.2定时器" - 0 Error(s), 0 Warning(s).
Build target '目标 1'
compiling main.c...
linking...
Program Size: data=11.0 xdata=0 code=148
creating hex file from "7.2定时器"...
"7.2定时器" - 0 Error(s), 0 Warning(s).
Build target '目标 1'
compiling main.c...
linking...
Program Size: data=11.0 xdata=0 code=113
creating hex file from "7.2定时器"...
"7.2定时器" - 0 Error(s), 0 Warning(s).
Build target '目标 1'
compiling main.c...
linking...
Program Size: data=11.0 xdata=0 code=113
creating hex file from "7.2定时器"...
"7.2定时器" - 0 Error(s), 0 Warning(s).
Build target '目标 1'
compiling main.c...
linking...
Program Size: data=11.0 xdata=0 code=113
creating hex file from "7.2定时器"...
"7.2定时器" - 0 Error(s), 0 Warning(s).
Build target '目标 1'
compiling main.c...
linking...
Program Size: data=11.0 xdata=0 code=113
creating hex file from "7.2定时器"...
"7.2定时器" - 0 Error(s), 0 Warning(s).
Build target '目标 1'
compiling main.c...
linking...
Program Size: data=11.0 xdata=0 code=113
creating hex file from "7.2定时器"...
"7.2定时器" - 0 Error(s), 0 Warning(s).
Build target '目标 1'
compiling main.c...
MAIN.C(67): warning C206: 'Delay1000ms': missing function-prototype
linking...
*** WARNING L1: UNRESOLVED EXTERNAL SYMBOL
    SYMBOL:  DELAY1000MS
    MODULE:  main.obj (MAIN)
*** WARNING L2: REFERENCE MADE TO UNRESOLVED EXTERNAL
    SYMBOL:  DELAY1000MS
    MODULE:  main.obj (MAIN)
    ADDRESS: 083DH
Program Size: data=11.0 xdata=0 code=130
creating hex file from "7.2定时器"...
"7.2定时器" - 0 Error(s), 3 Warning(s).
Build target '目标 1'
compiling main.c...
linking...
Program Size: data=11.0 xdata=0 code=80
creating hex file from "7.2定时器"...
"7.2定时器" - 0 Error(s), 0 Warning(s).
Build target '目标 1'
compiling main.c...
linking...
Program Size: data=11.0 xdata=0 code=80
creating hex file from "7.2定时器"...
"7.2定时器" - 0 Error(s), 0 Warning(s).
Build target '目标 1'
compiling main.c...
linking...
Program Size: data=11.0 xdata=0 code=80
creating hex file from "7.2定时器"...
"7.2定时器" - 0 Error(s), 0 Warning(s).
Build target '目标 1'
compiling main.c...
linking...
Program Size: data=11.0 xdata=0 code=77
creating hex file from "7.2定时器"...
"7.2定时器" - 0 Error(s), 0 Warning(s).
Build target '目标 1'
compiling main.c...
linking...
Program Size: data=11.0 xdata=0 code=77
creating hex file from "7.2定时器"...
"7.2定时器" - 0 Error(s), 0 Warning(s).
Build target '目标 1'
compiling main.c...
linking...
Program Size: data=11.0 xdata=0 code=77
creating hex file from "7.2定时器"...
"7.2定时器" - 0 Error(s), 0 Warning(s).
Build target '目标 1'
compiling main.c...
linking...
Program Size: data=11.0 xdata=0 code=77
creating hex file from "7.2定时器"...
"7.2定时器" - 0 Error(s), 0 Warning(s).
Build target '目标 1'
compiling main.c...
MAIN.C(48): warning C206: 'Timer0Init': missing function-prototype
linking...
*** WARNING L16: UNCALLED SEGMENT, IGNORED FOR OVERLAY PROCESS
    SEGMENT: ?PR?TIMER0_TNIT?MAIN
*** WARNING L1: UNRESOLVED EXTERNAL SYMBOL
    SYMBOL:  TIMER0INIT
    MODULE:  main.obj (MAIN)
*** WARNING L2: REFERENCE MADE TO UNRESOLVED EXTERNAL
    SYMBOL:  TIMER0INIT
    MODULE:  main.obj (MAIN)
    ADDRESS: 084CH
Program Size: data=11.0 xdata=0 code=86
creating hex file from "7.2定时器"...
"7.2定时器" - 0 Error(s), 4 Warning(s).
Build target '目标 1'
compiling main.c...
linking...
Program Size: data=11.0 xdata=0 code=86
creating hex file from "7.2定时器"...
"7.2定时器" - 0 Error(s), 0 Warning(s).
Build target '目标 1'
compiling main.c...
linking...
Program Size: data=11.0 xdata=0 code=86
creating hex file from "7.2定时器"...
"7.2定时器" - 0 Error(s), 0 Warning(s).
Build target '目标 1'
compiling main.c...
linking...
Program Size: data=11.0 xdata=0 code=80
creating hex file from "7.2定时器"...
"7.2定时器" - 0 Error(s), 0 Warning(s).
Build target '目标 1'
compiling main.c...
linking...
Program Size: data=11.0 xdata=0 code=82
creating hex file from "7.2定时器"...
"7.2定时器" - 0 Error(s), 0 Warning(s).
Build target '目标 1'
compiling main.c...
linking...
Program Size: data=11.0 xdata=0 code=86
creating hex file from "7.2定时器"...
"7.2定时器" - 0 Error(s), 0 Warning(s).
Build target '目标 1'
compiling main.c...
linking...
Program Size: data=11.0 xdata=0 code=84
creating hex file from "7.2定时器"...
"7.2定时器" - 0 Error(s), 0 Warning(s).
Build target '目标 1'
compiling main.c...
linking...
Program Size: data=11.0 xdata=0 code=82
creating hex file from "7.2定时器"...
"7.2定时器" - 0 Error(s), 0 Warning(s).
Build target '目标 1'
compiling main.c...
linking...
Program Size: data=11.0 xdata=0 code=82
creating hex file from "7.2定时器"...
"7.2定时器" - 0 Error(s), 0 Warning(s).
Build target '目标 1'
compiling main.c...
linking...
Program Size: data=11.0 xdata=0 code=84
creating hex file from "7.2定时器"...
"7.2定时器" - 0 Error(s), 0 Warning(s).
Build target '目标 1'
compiling main.c...
linking...
Program Size: data=11.0 xdata=0 code=78
creating hex file from "7.2定时器"...
"7.2定时器" - 0 Error(s), 0 Warning(s).
Build target '目标 1'
compiling main.c...
linking...
Program Size: data=11.0 xdata=0 code=84
creating hex file from "7.2定时器"...
"7.2定时器" - 0 Error(s), 0 Warning(s).
Build target '目标 1'
compiling main.c...
MAIN.C(62): warning C206: 'Delay1000ms': missing function-prototype
linking...
*** WARNING L1: UNRESOLVED EXTERNAL SYMBOL
    SYMBOL:  DELAY1000MS
    MODULE:  main.obj (MAIN)
*** WARNING L2: REFERENCE MADE TO UNRESOLVED EXTERNAL
    SYMBOL:  DELAY1000MS
    MODULE:  main.obj (MAIN)
    ADDRESS: 083DH
*** WARNING L2: REFERENCE MADE TO UNRESOLVED EXTERNAL
    SYMBOL:  DELAY1000MS
    MODULE:  main.obj (MAIN)
    ADDRESS: 0842H
*** WARNING L2: REFERENCE MADE TO UNRESOLVED EXTERNAL
    SYMBOL:  DELAY1000MS
    MODULE:  main.obj (MAIN)
    ADDRESS: 0847H
*** WARNING L2: REFERENCE MADE TO UNRESOLVED EXTERNAL
    SYMBOL:  DELAY1000MS
    MODULE:  main.obj (MAIN)
    ADDRESS: 084CH
*** WARNING L2: REFERENCE MADE TO UNRESOLVED EXTERNAL
    SYMBOL:  DELAY1000MS
    MODULE:  main.obj (MAIN)
    ADDRESS: 0851H
*** WARNING L2: REFERENCE MADE TO UNRESOLVED EXTERNAL
    SYMBOL:  DELAY1000MS
    MODULE:  main.obj (MAIN)
    ADDRESS: 0856H
*** WARNING L2: REFERENCE MADE TO UNRESOLVED EXTERNAL
    SYMBOL:  DELAY1000MS
    MODULE:  main.obj (MAIN)
    ADDRESS: 085BH
*** WARNING L2: REFERENCE MADE TO UNRESOLVED EXTERNAL
    SYMBOL:  DELAY1000MS
    MODULE:  main.obj (MAIN)
    ADDRESS: 0860H
Program Size: data=11.0 xdata=0 code=169
creating hex file from "7.2定时器"...
"7.2定时器" - 0 Error(s), 10 Warning(s).
Build target '目标 1'
compiling main.c...
linking...
Program Size: data=11.0 xdata=0 code=152
creating hex file from "7.2定时器"...
"7.2定时器" - 0 Error(s), 0 Warning(s).
Build target '目标 1'
compiling main.c...
linking...
*** WARNING L16: UNCALLED SEGMENT, IGNORED FOR OVERLAY PROCESS
    SEGMENT: ?PR?DELAY1000MS?MAIN
Program Size: data=12.0 xdata=0 code=257
creating hex file from "7.2定时器"...
"7.2定时器" - 0 Error(s), 1 Warning(s).
Build target '目标 1'
compiling main.c...
linking...
*** WARNING L16: UNCALLED SEGMENT, IGNORED FOR OVERLAY PROCESS
    SEGMENT: ?PR?DELAY1000MS?MAIN
Program Size: data=12.0 xdata=0 code=257
creating hex file from "7.2定时器"...
"7.2定时器" - 0 Error(s), 1 Warning(s).
Build target '目标 1'
compiling main.c...
linking...
*** WARNING L16: UNCALLED SEGMENT, IGNORED FOR OVERLAY PROCESS
    SEGMENT: ?PR?DELAY1000MS?MAIN
Program Size: data=12.0 xdata=0 code=262
creating hex file from "7.2定时器"...
"7.2定时器" - 0 Error(s), 1 Warning(s).
Build target '目标 1'
compiling main.c...
linking...
*** WARNING L16: UNCALLED SEGMENT, IGNORED FOR OVERLAY PROCESS
    SEGMENT: ?PR?DELAY1000MS?MAIN
Program Size: data=12.0 xdata=0 code=262
creating hex file from "7.2定时器"...
"7.2定时器" - 0 Error(s), 1 Warning(s).
Build target '目标 1'
compiling main.c...
linking...
*** WARNING L16: UNCALLED SEGMENT, IGNORED FOR OVERLAY PROCESS
    SEGMENT: ?PR?DELAY1000MS?MAIN
Program Size: data=12.0 xdata=0 code=262
creating hex file from "7.2定时器"...
"7.2定时器" - 0 Error(s), 1 Warning(s).
Build target '目标 1'
compiling main.c...
linking...
*** WARNING L16: UNCALLED SEGMENT, IGNORED FOR OVERLAY PROCESS
    SEGMENT: ?PR?DELAY1000MS?MAIN
Program Size: data=12.0 xdata=0 code=272
creating hex file from "7.2定时器"...
"7.2定时器" - 0 Error(s), 1 Warning(s).
Build target '目标 1'
compiling main.c...
MAIN.C(69): error C141: syntax error near 'P2'
目标未创建
Build target '目标 1'
compiling main.c...
MAIN.C(69): error C141: syntax error near 'P2'
目标未创建
Build target '目标 1'
compiling main.c...
MAIN.C(69): error C141: syntax error near 'P2'
目标未创建
Build target '目标 1'
compiling main.c...
linking...
Program Size: data=12.0 xdata=0 code=283
creating hex file from "7.2定时器"...
"7.2定时器" - 0 Error(s), 0 Warning(s).
Build target '目标 1'
compiling main.c...
MAIN.C(69): error C141: syntax error near '~'
MAIN.C(69): error C141: syntax error near '<<='
目标未创建
Build target '目标 1'
compiling main.c...
linking...
Program Size: data=12.0 xdata=0 code=284
creating hex file from "7.2定时器"...
"7.2定时器" - 0 Error(s), 0 Warning(s).
Build target '目标 1'
compiling main.c...
linking...
Program Size: data=12.0 xdata=0 code=289
creating hex file from "7.2定时器"...
"7.2定时器" - 0 Error(s), 0 Warning(s).
Build target '目标 1'
compiling main.c...
linking...
Program Size: data=12.0 xdata=0 code=300
creating hex file from "7.2定时器"...
"7.2定时器" - 0 Error(s), 0 Warning(s).
Build target '目标 1'
compiling main.c...
compiling timer.c...
linking...
*** ERROR L104: MULTIPLE PUBLIC DEFINITIONS
    SYMBOL:  TIMER0INIT
    MODULE:  timer.obj (TIMER)
*** WARNING L16: UNCALLED SEGMENT, IGNORED FOR OVERLAY PROCESS
    SEGMENT: ?PR?TIMER0INIT?TIMER
Program Size: data=12.0 xdata=0 code=321
目标未创建
Build target '目标 1'
compiling main.c...
compiling timer.c...
linking...
*** ERROR L104: MULTIPLE PUBLIC DEFINITIONS
    SYMBOL:  TIMER0INIT
    MODULE:  timer.obj (TIMER)
*** WARNING L16: UNCALLED SEGMENT, IGNORED FOR OVERLAY PROCESS
    SEGMENT: ?PR?TIMER0INIT?TIMER
Program Size: data=12.0 xdata=0 code=321
目标未创建
Build target '目标 1'
compiling main.c...
MAIN.C(34): warning C206: 'Timer0Init': missing function-prototype
compiling timer.c...
linking...
Program Size: data=12.0 xdata=0 code=300
creating hex file from "7.2定时器"...
"7.2定时器" - 0 Error(s), 1 Warning(s).
Build target '目标 1'
compiling main.c...
MAIN.C(34): warning C206: 'Timer0Init': missing function-prototype
compiling timer.c...
linking...
Program Size: data=11.0 xdata=0 code=168
creating hex file from "7.2定时器"...
"7.2定时器" - 0 Error(s), 1 Warning(s).
Build target '目标 1'
compiling main.c...
MAIN.C(34): warning C206: 'Timer0Init': missing function-prototype
compiling timer.c...
linking...
*** ERROR L104: MULTIPLE PUBLIC DEFINITIONS
    SYMBOL:  TIMER0_ROUTINE
    MODULE:  timer.obj (TIMER)
*** WARNING L5: CODE SPACE MEMORY OVERLAP
    FROM:    000BH
    TO:      000DH
Program Size: data=13.0 xdata=0 code=190
目标未创建
Build target '目标 1'
compiling main.c...
MAIN.C(34): warning C206: 'Timer0Init': missing function-prototype
compiling timer.c...
linking...
Program Size: data=11.0 xdata=0 code=168
creating hex file from "7.2定时器"...
"7.2定时器" - 0 Error(s), 1 Warning(s).
Build target '目标 1'
compiling main.c...
MAIN.C(34): warning C206: 'Timer0Init': missing function-prototype
MAIN.C(54): warning C206: 'Delay1000ms': missing function-prototype
compiling timer.c...
linking...
*** WARNING L1: UNRESOLVED EXTERNAL SYMBOL
    SYMBOL:  DELAY1000MS
    MODULE:  main.obj (MAIN)
*** WARNING L2: REFERENCE MADE TO UNRESOLVED EXTERNAL
    SYMBOL:  DELAY1000MS
    MODULE:  main.obj (MAIN)
    ADDRESS: 083DH
*** WARNING L2: REFERENCE MADE TO UNRESOLVED EXTERNAL
    SYMBOL:  DELAY1000MS
    MODULE:  main.obj (MAIN)
    ADDRESS: 0844H
*** WARNING L2: REFERENCE MADE TO UNRESOLVED EXTERNAL
    SYMBOL:  DELAY1000MS
    MODULE:  main.obj (MAIN)
    ADDRESS: 084BH
*** WARNING L2: REFERENCE MADE TO UNRESOLVED EXTERNAL
    SYMBOL:  DELAY1000MS
    MODULE:  main.obj (MAIN)
    ADDRESS: 0852H
*** WARNING L2: REFERENCE MADE TO UNRESOLVED EXTERNAL
    SYMBOL:  DELAY1000MS
    MODULE:  main.obj (MAIN)
    ADDRESS: 0859H
*** WARNING L2: REFERENCE MADE TO UNRESOLVED EXTERNAL
    SYMBOL:  DELAY1000MS
    MODULE:  main.obj (MAIN)
    ADDRESS: 0860H
*** WARNING L2: REFERENCE MADE TO UNRESOLVED EXTERNAL
    SYMBOL:  DELAY1000MS
    MODULE:  main.obj (MAIN)
    ADDRESS: 0867H
*** WARNING L2: REFERENCE MADE TO UNRESOLVED EXTERNAL
    SYMBOL:  DELAY1000MS
    MODULE:  main.obj (MAIN)
    ADDRESS: 086EH
Program Size: data=11.0 xdata=0 code=185
creating hex file from "7.2定时器"...
"7.2定时器" - 0 Error(s), 11 Warning(s).
Build target '目标 1'
compiling main.c...
MAIN.C(34): warning C206: 'Timer0Init': missing function-prototype
compiling timer.c...
linking...
Program Size: data=11.0 xdata=0 code=82
creating hex file from "7.2定时器"...
"7.2定时器" - 0 Error(s), 1 Warning(s).
Build target '目标 1'
compiling main.c...
MAIN.C(34): warning C206: 'Timer0Init': missing function-prototype
compiling timer.c...
linking...
Program Size: data=11.0 xdata=0 code=82
creating hex file from "7.2定时器"...
"7.2定时器" - 0 Error(s), 1 Warning(s).
Build target '目标 1'
compiling main.c...
MAIN.C(34): warning C206: 'Timer0Init': missing function-prototype
compiling timer.c...
linking...
Program Size: data=11.0 xdata=0 code=82
creating hex file from "7.2定时器"...
"7.2定时器" - 0 Error(s), 1 Warning(s).
Build target '目标 1'
compiling main.c...
MAIN.C(34): warning C206: 'Timer0Init': missing function-prototype
compiling timer.c...
linking...
Program Size: data=11.0 xdata=0 code=85
creating hex file from "7.2定时器"...
"7.2定时器" - 0 Error(s), 1 Warning(s).
Build target '目标 1'
compiling main.c...
MAIN.C(34): warning C206: 'Timer0Init': missing function-prototype
MAIN.C(133): error C202: 'DDDDD': undefined identifier
MAIN.C(133): error C141: syntax error near '}'
compiling timer.c...
compiling key.c...
目标未创建
Build target '目标 1'
compiling main.c...
MAIN.C(34): warning C206: 'Timer0Init': missing function-prototype
MAIN.C(133): error C202: 'DDDDD': undefined identifier
MAIN.C(133): error C141: syntax error near '}'
compiling timer.c...
compiling key.c...
目标未创建
Build target '目标 1'
compiling main.c...
MAIN.C(34): warning C206: 'Timer0Init': missing function-prototype
MAIN.C(133): error C202: 'DDDDD': undefined identifier
MAIN.C(133): error C141: syntax error near '}'
compiling timer.c...
compiling key.c...
目标未创建
Build target '目标 1'
compiling main.c...
MAIN.C(34): warning C206: 'Timer0Init': missing function-prototype
compiling timer.c...
compiling key.c...
linking...
*** WARNING L16: UNCALLED SEGMENT, IGNORED FOR OVERLAY PROCESS
    SEGMENT: ?PR?KEY?KEY
Program Size: data=11.0 xdata=0 code=153
creating hex file from "7.2定时器"...
"7.2定时器" - 0 Error(s), 2 Warning(s).
Build target '目标 1'
compiling main.c...
MAIN.C(34): warning C206: 'Timer0Init': missing function-prototype
MAIN.C(134): error C141: syntax error near '}'
compiling timer.c...
compiling key.c...
KEY.C(16): error C141: syntax error near 'if'
KEY.C(16): error C141: syntax error near '==', expected ')'
KEY.C(18): error C141: syntax error near '20'
KEY.C(18): error C231: '_delay': redefinition
KEY.C(18): error C141: syntax error near 'while'
KEY.C(18): error C141: syntax error near '==', expected ')'
KEY.C(18): error C141: syntax error near '20'
KEY.C(18): error C231: '_delay': redefinition
KEY.C(18): error C279: 'keynumber': multiple initialization
KEY.C(18): error C231: 'keynumber': redefinition
KEY.C(19): error C141: syntax error near '}'
KEY.C(20): error C141: syntax error near '==', expected ')'
KEY.C(22): error C141: syntax error near '20'
KEY.C(22): error C231: '_delay': redefinition
KEY.C(22): error C141: syntax error near 'while'
KEY.C(22): error C141: syntax error near '==', expected ')'
KEY.C(22): error C141: syntax error near '20'
KEY.C(22): error C231: '_delay': redefinition
KEY.C(22): error C279: 'keynumber': multiple initialization
KEY.C(23): error C141: syntax error near '}'
KEY.C(23): error C141: syntax error near '==', expected ')'
KEY.C(25): error C141: syntax error near '20'
KEY.C(25): error C231: '_delay': redefinition
KEY.C(25): error C141: syntax error near 'while'
KEY.C(25): error C141: syntax error near '==', expected ')'
KEY.C(25): error C141: syntax error near '20'
KEY.C(25): error C231: '_delay': redefinition
KEY.C(25): error C279: 'keynumber': multiple initialization
KEY.C(26): error C141: syntax error near '}'
KEY.C(26): error C141: syntax error near '==', expected ')'
KEY.C(28): error C141: syntax error near '20'
KEY.C(28): error C231: '_delay': redefinition
KEY.C(28): error C141: syntax error near 'while'
KEY.C(28): error C141: syntax error near '==', expected ')'
KEY.C(28): error C141: syntax error near '20'
KEY.C(28): error C231: '_delay': redefinition
KEY.C(28): error C279: 'keynumber': multiple initialization
KEY.C(29): error C141: syntax error near '}'
目标未创建
Build target '目标 1'
compiling main.c...
MAIN.C(34): warning C206: 'Timer0Init': missing function-prototype
MAIN.C(134): error C141: syntax error near '}'
compiling timer.c...
compiling key.c...
KEY.C(16): error C141: syntax error near 'if'
KEY.C(16): error C141: syntax error near '==', expected ')'
KEY.C(18): error C141: syntax error near '20'
KEY.C(18): error C231: '_delay': redefinition
KEY.C(18): error C141: syntax error near 'while'
KEY.C(18): error C141: syntax error near '==', expected ')'
KEY.C(18): error C141: syntax error near '20'
KEY.C(18): error C231: '_delay': redefinition
KEY.C(18): error C279: 'keynumber': multiple initialization
KEY.C(18): error C231: 'keynumber': redefinition
KEY.C(19): error C141: syntax error near '}'
KEY.C(20): error C141: syntax error near '==', expected ')'
KEY.C(22): error C141: syntax error near '20'
KEY.C(22): error C231: '_delay': redefinition
KEY.C(22): error C141: syntax error near 'while'
KEY.C(22): error C141: syntax error near '==', expected ')'
KEY.C(22): error C141: syntax error near '20'
KEY.C(22): error C231: '_delay': redefinition
KEY.C(22): error C279: 'keynumber': multiple initialization
KEY.C(23): error C141: syntax error near '}'
KEY.C(23): error C141: syntax error near '==', expected ')'
KEY.C(25): error C141: syntax error near '20'
KEY.C(25): error C231: '_delay': redefinition
KEY.C(25): error C141: syntax error near 'while'
KEY.C(25): error C141: syntax error near '==', expected ')'
KEY.C(25): error C141: syntax error near '20'
KEY.C(25): error C231: '_delay': redefinition
KEY.C(25): error C279: 'keynumber': multiple initialization
KEY.C(26): error C141: syntax error near '}'
KEY.C(26): error C141: syntax error near '==', expected ')'
KEY.C(28): error C141: syntax error near '20'
KEY.C(28): error C231: '_delay': redefinition
KEY.C(28): error C141: syntax error near 'while'
KEY.C(28): error C141: syntax error near '==', expected ')'
KEY.C(28): error C141: syntax error near '20'
KEY.C(28): error C231: '_delay': redefinition
KEY.C(28): error C279: 'keynumber': multiple initialization
KEY.C(29): error C141: syntax error near '}'
目标未创建
Build target '目标 1'
compiling main.c...
MAIN.C(34): warning C206: 'Timer0Init': missing function-prototype
compiling timer.c...
compiling key.c...
KEY.C(16): error C141: syntax error near 'if'
KEY.C(16): error C141: syntax error near '==', expected ')'
KEY.C(18): error C141: syntax error near '20'
KEY.C(18): error C231: '_delay': redefinition
KEY.C(18): error C141: syntax error near 'while'
KEY.C(18): error C141: syntax error near '==', expected ')'
KEY.C(18): error C141: syntax error near '20'
KEY.C(18): error C231: '_delay': redefinition
KEY.C(18): error C279: 'keynumber': multiple initialization
KEY.C(18): error C231: 'keynumber': redefinition
KEY.C(19): error C141: syntax error near '}'
KEY.C(20): error C141: syntax error near '==', expected ')'
KEY.C(22): error C141: syntax error near '20'
KEY.C(22): error C231: '_delay': redefinition
KEY.C(22): error C141: syntax error near 'while'
KEY.C(22): error C141: syntax error near '==', expected ')'
KEY.C(22): error C141: syntax error near '20'
KEY.C(22): error C231: '_delay': redefinition
KEY.C(22): error C279: 'keynumber': multiple initialization
KEY.C(23): error C141: syntax error near '}'
KEY.C(23): error C141: syntax error near '==', expected ')'
KEY.C(25): error C141: syntax error near '20'
KEY.C(25): error C231: '_delay': redefinition
KEY.C(25): error C141: syntax error near 'while'
KEY.C(25): error C141: syntax error near '==', expected ')'
KEY.C(25): error C141: syntax error near '20'
KEY.C(25): error C231: '_delay': redefinition
KEY.C(25): error C279: 'keynumber': multiple initialization
KEY.C(26): error C141: syntax error near '}'
KEY.C(26): error C141: syntax error near '==', expected ')'
KEY.C(28): error C141: syntax error near '20'
KEY.C(28): error C231: '_delay': redefinition
KEY.C(28): error C141: syntax error near 'while'
KEY.C(28): error C141: syntax error near '==', expected ')'
KEY.C(28): error C141: syntax error near '20'
KEY.C(28): error C231: '_delay': redefinition
KEY.C(28): error C279: 'keynumber': multiple initialization
KEY.C(29): error C141: syntax error near '}'
目标未创建
Build target '目标 1'
compiling main.c...
MAIN.C(34): warning C206: 'Timer0Init': missing function-prototype
compiling timer.c...
compiling key.c...
KEY.C(32): warning C173: missing return-expression
KEY.C(32): warning C290: missing return value
linking...
*** WARNING L16: UNCALLED SEGMENT, IGNORED FOR OVERLAY PROCESS
    SEGMENT: ?PR?KEY?KEY
Program Size: data=11.0 xdata=0 code=167
creating hex file from "7.2定时器"...
"7.2定时器" - 0 Error(s), 4 Warning(s).
Build target '目标 1'
compiling main.c...
MAIN.C(34): warning C206: 'Timer0Init': missing function-prototype
MAIN.C(37): warning C206: 'key': missing function-prototype
compiling timer.c...
compiling key.c...
linking...
Program Size: data=12.0 xdata=0 code=185
creating hex file from "7.2定时器"...
"7.2定时器" - 0 Error(s), 2 Warning(s).
Build target '目标 1'
compiling main.c...
MAIN.C(34): warning C206: 'Timer0Init': missing function-prototype
MAIN.C(37): warning C206: 'key': missing function-prototype
compiling timer.c...
compiling key.c...
linking...
Program Size: data=12.0 xdata=0 code=206
creating hex file from "7.2定时器"...
"7.2定时器" - 0 Error(s), 2 Warning(s).
Build target '目标 1'
compiling main.c...
MAIN.C(34): warning C206: 'Timer0Init': missing function-prototype
MAIN.C(37): warning C206: 'key': missing function-prototype
compiling timer.c...
compiling key.c...
linking...
Program Size: data=12.0 xdata=0 code=206
creating hex file from "7.2定时器"...
"7.2定时器" - 0 Error(s), 2 Warning(s).
Build target '目标 1'
compiling main.c...
MAIN.C(34): warning C206: 'Timer0Init': missing function-prototype
MAIN.C(37): warning C206: 'key': missing function-prototype
compiling timer.c...
compiling key.c...
linking...
Program Size: data=10.0 xdata=0 code=165
creating hex file from "7.2定时器"...
"7.2定时器" - 0 Error(s), 2 Warning(s).
Build target '目标 1'
compiling main.c...
MAIN.C(34): warning C206: 'Timer0Init': missing function-prototype
MAIN.C(37): warning C206: 'key': missing function-prototype
compiling timer.c...
compiling key.c...
linking...
Program Size: data=10.0 xdata=0 code=165
creating hex file from "7.2定时器"...
"7.2定时器" - 0 Error(s), 2 Warning(s).
Build target '目标 1'
compiling main.c...
MAIN.C(34): warning C206: 'Timer0Init': missing function-prototype
MAIN.C(37): warning C206: 'key': missing function-prototype
compiling timer.c...
compiling key.c...
linking...
Program Size: data=10.0 xdata=0 code=165
creating hex file from "7.2定时器"...
"7.2定时器" - 0 Error(s), 2 Warning(s).
Build target '目标 1'
compiling main.c...
MAIN.C(34): warning C206: 'Timer0Init': missing function-prototype
MAIN.C(37): warning C206: 'key': missing function-prototype
compiling timer.c...
compiling key.c...
linking...
Program Size: data=13.0 xdata=0 code=201
creating hex file from "7.2定时器"...
"7.2定时器" - 0 Error(s), 2 Warning(s).
Build target '目标 1'
compiling main.c...
compiling timer.c...
compiling key.c...
linking...
Program Size: data=13.0 xdata=0 code=201
creating hex file from "7.2定时器"...
"7.2定时器" - 0 Error(s), 0 Warning(s).
Build target '目标 1'
compiling main.c...
MAIN.C(67): warning C206: '_crol': missing function-prototype
MAIN.C(67): error C267: '_crol': requires ANSI-style prototype
compiling timer.c...
compiling key.c...
目标未创建
Build target '目标 1'
compiling main.c...
MAIN.C(67): warning C206: '_crol': missing function-prototype
MAIN.C(67): error C267: '_crol': requires ANSI-style prototype
compiling timer.c...
compiling key.c...
目标未创建
Build target '目标 1'
compiling main.c...
compiling timer.c...
compiling key.c...
linking...
Program Size: data=13.0 xdata=0 code=244
creating hex file from "7.2定时器"...
"7.2定时器" - 0 Error(s), 0 Warning(s).
