<html>
<body>
<pre>
<h1>Vision Build Log</h1>
<h2>Project:</h2>
C:\Users\19745\Desktop\新建文件夹\5.1模块化显示\project.uvproj
Project File Date:  10/23/2023

<h2>Output:</h2>
Build target '目标 1'
compiling main.c...
linking...
Program Size: data=29.0 xdata=0 code=342
"project" - 0 Error(s), 0 Warning(s).
Build target '目标 1'
compiling main.c...
compiling time.c...
compiling number.c...
linking...
Program Size: data=9.0 xdata=0 code=17
creating hex file from "project"...
"project" - 0 Error(s), 0 Warning(s).
Build target '目标 1'
compiling main.c...
main.c(56): warning C318: can't open file 'time'
main.c(57): warning C318: can't open file 'number'
compiling time.c...
compiling number.c...
linking...
Program Size: data=9.0 xdata=0 code=17
creating hex file from "project"...
"project" - 0 Error(s), 2 Warning(s).
Build target '目标 1'
compiling main.c...
main.c(56): warning C318: can't open file 'time.h'
main.c(57): warning C318: can't open file 'number.h'
compiling time.c...
compiling number.c...
linking...
Program Size: data=9.0 xdata=0 code=17
creating hex file from "project"...
"project" - 0 Error(s), 2 Warning(s).
Build target '目标 1'
compiling main.c...
compiling time.c...
linking...
*** ERROR L104: MULTIPLE PUBLIC DEFINITIONS
    SYMBOL:  MAIN
    MODULE:  time.obj (TIME)
*** WARNING L16: UNCALLED SEGMENT, IGNORED FOR OVERLAY PROCESS
    SEGMENT: ?PR?MAIN?TIME
Program Size: data=9.0 xdata=0 code=19
目标未创建
Build target '目标 1'
compiling main.c...
compiling time.c...
linking...
*** ERROR L104: MULTIPLE PUBLIC DEFINITIONS
    SYMBOL:  MAIN
    MODULE:  time.obj (TIME)
*** WARNING L16: UNCALLED SEGMENT, IGNORED FOR OVERLAY PROCESS
    SEGMENT: ?PR?MAIN?TIME
Program Size: data=9.0 xdata=0 code=19
目标未创建
Build target '目标 1'
compiling time.c...
linking...
Program Size: data=9.0 xdata=0 code=17
creating hex file from "project"...
"project" - 0 Error(s), 0 Warning(s).
Build target '目标 1'
compiling time.c...
linking...
*** WARNING L16: UNCALLED SEGMENT, IGNORED FOR OVERLAY PROCESS
    SEGMENT: ?PR?_DELAY?TIME
*** WARNING L10: CANNOT DETERMINE ROOT SEGMENT
Program Size: data=8.0 xdata=0 code=21
creating hex file from "project"...
"project" - 0 Error(s), 2 Warning(s).
Build target '目标 1'
compiling time.c...
linking...
*** WARNING L16: UNCALLED SEGMENT, IGNORED FOR OVERLAY PROCESS
    SEGMENT: ?PR?_DELAY?TIME
*** WARNING L10: CANNOT DETERMINE ROOT SEGMENT
Program Size: data=8.0 xdata=0 code=21
creating hex file from "project"...
"project" - 0 Error(s), 2 Warning(s).
Build target '目标 1'
compiling time.c...
linking...
*** WARNING L16: UNCALLED SEGMENT, IGNORED FOR OVERLAY PROCESS
    SEGMENT: ?PR?_DELAY?TIME
*** WARNING L10: CANNOT DETERMINE ROOT SEGMENT
Program Size: data=8.0 xdata=0 code=21
creating hex file from "project"...
"project" - 0 Error(s), 2 Warning(s).
Build target '目标 1'
compiling time.c...
linking...
*** WARNING L16: UNCALLED SEGMENT, IGNORED FOR OVERLAY PROCESS
    SEGMENT: ?PR?_DELAY?TIME
*** WARNING L10: CANNOT DETERMINE ROOT SEGMENT
Program Size: data=8.0 xdata=0 code=21
creating hex file from "project"...
"project" - 0 Error(s), 2 Warning(s).
Build target '目标 1'
compiling time.c...
compiling main.c...
linking...
*** WARNING L16: UNCALLED SEGMENT, IGNORED FOR OVERLAY PROCESS
    SEGMENT: ?PR?_DELAY?TIME
Program Size: data=9.0 xdata=0 code=38
creating hex file from "project"...
"project" - 0 Error(s), 1 Warning(s).
Build target '目标 1'
compiling time.c...
compiling main.c...
linking...
Program Size: data=9.0 xdata=0 code=56
creating hex file from "project"...
"project" - 0 Error(s), 0 Warning(s).
Build target '目标 1'
compiling time.c...
compiling main.c...
linking...
Program Size: data=9.0 xdata=0 code=56
creating hex file from "project"...
"project" - 0 Error(s), 0 Warning(s).
Build target '目标 1'
compiling time.c...
compiling main.c...
linking...
Program Size: data=9.0 xdata=0 code=56
creating hex file from "project"...
"project" - 0 Error(s), 0 Warning(s).
Build target '目标 1'
compiling time.c...
compiling main.c...
compiling number.c...
NUMBER.C(3): error C141: syntax error near 'switch'
NUMBER.C(4): error C129: missing ';' before '{'
目标未创建
Build target '目标 1'
compiling time.c...
compiling main.c...
compiling number.c...
NUMBER.C(5): error C202: 'P2_4': undefined identifier
NUMBER.C(5): error C202: 'P2_3': undefined identifier
NUMBER.C(5): error C202: 'P2_2': undefined identifier
NUMBER.C(6): error C202: 'P2_4': undefined identifier
NUMBER.C(6): error C202: 'P2_3': undefined identifier
NUMBER.C(6): error C202: 'P2_2': undefined identifier
NUMBER.C(7): error C202: 'P2_4': undefined identifier
NUMBER.C(7): error C202: 'P2_3': undefined identifier
NUMBER.C(7): error C202: 'P2_2': undefined identifier
NUMBER.C(8): error C202: 'P2_4': undefined identifier
NUMBER.C(8): error C202: 'P2_3': undefined identifier
NUMBER.C(8): error C202: 'P2_2': undefined identifier
NUMBER.C(9): error C202: 'P2_4': undefined identifier
NUMBER.C(9): error C202: 'P2_3': undefined identifier
NUMBER.C(9): error C202: 'P2_2': undefined identifier
NUMBER.C(10): error C202: 'P2_4': undefined identifier
NUMBER.C(10): error C202: 'P2_3': undefined identifier
NUMBER.C(10): error C202: 'P2_2': undefined identifier
NUMBER.C(11): error C202: 'P2_4': undefined identifier
NUMBER.C(11): error C202: 'P2_3': undefined identifier
NUMBER.C(11): error C202: 'P2_2': undefined identifier
NUMBER.C(12): error C202: 'P2_4': undefined identifier
NUMBER.C(12): error C202: 'P2_3': undefined identifier
NUMBER.C(12): error C202: 'P2_2': undefined identifier
目标未创建
Build target '目标 1'
compiling time.c...
compiling main.c...
compiling number.c...
linking...
*** WARNING L16: UNCALLED SEGMENT, IGNORED FOR OVERLAY PROCESS
    SEGMENT: ?PR?_NIXIE?NUMBER
Program Size: data=11.0 xdata=0 code=149
creating hex file from "project"...
"project" - 0 Error(s), 1 Warning(s).
Build target '目标 1'
compiling time.c...
compiling main.c...
compiling number.c...
NUMBER.C(18): warning C206: 'delay': missing function-prototype
NUMBER.C(18): error C267: 'delay': requires ANSI-style prototype
目标未创建
Build target '目标 1'
compiling time.c...
compiling main.c...
compiling number.c...
linking...
*** WARNING L16: UNCALLED SEGMENT, IGNORED FOR OVERLAY PROCESS
    SEGMENT: ?PR?_NIXIE?NUMBER
Program Size: data=29.0 xdata=0 code=297
creating hex file from "project"...
"project" - 0 Error(s), 1 Warning(s).
Build target '目标 1'
compiling time.c...
compiling main.c...
MAIN.C(60): error C132: 'main': not in formal parameter list
MAIN.C(60): error C141: syntax error near '{'
MAIN.C(63): error C132: 'Nixie': not in formal parameter list
MAIN.C(64): error C141: syntax error near '2'
MAIN.C(64): error C132: 'delay': not in formal parameter list
MAIN.C(65): error C141: syntax error near '2'
MAIN.C(65): error C132: 'Nixie': not in formal parameter list
MAIN.C(66): error C141: syntax error near '2'
MAIN.C(66): error C132: 'delay': not in formal parameter list
MAIN.C(67): error C141: syntax error near '3'
MAIN.C(67): error C132: 'Nixie': not in formal parameter list
MAIN.C(68): error C141: syntax error near '2'
MAIN.C(68): error C132: 'delay': not in formal parameter list
MAIN.C(69): error C141: syntax error near '4'
MAIN.C(69): error C132: 'Nixie': not in formal parameter list
MAIN.C(70): error C141: syntax error near '2'
MAIN.C(70): error C132: 'delay': not in formal parameter list
MAIN.C(71): error C141: syntax error near '5'
MAIN.C(71): error C132: 'Nixie': not in formal parameter list
MAIN.C(72): error C141: syntax error near '2'
MAIN.C(72): error C132: 'delay': not in formal parameter list
MAIN.C(73): error C141: syntax error near '}'
compiling number.c...
目标未创建
Build target '目标 1'
compiling time.c...
compiling main.c...
compiling number.c...
linking...
Program Size: data=29.0 xdata=0 code=377
creating hex file from "project"...
"project" - 0 Error(s), 0 Warning(s).
Build target '目标 1'
compiling time.c...
compiling main.c...
compiling number.c...
linking...
Program Size: data=29.0 xdata=0 code=377
creating hex file from "project"...
"project" - 0 Error(s), 0 Warning(s).
Build target '目标 1'
compiling main.c...
compiling time.c...
compiling number.c...
linking...
Program Size: data=29.0 xdata=0 code=377
creating hex file from "project"...
"project" - 0 Error(s), 0 Warning(s).
