<html>
<body>
<pre>
<h1>Vision Build Log</h1>
<h2>Project:</h2>
C:\Users\19745\Desktop\新建文件夹\3.1独立按键控制led亮灭\project.uvproj
Project File Date:  10/19/2023

<h2>Output:</h2>
Build target '目标 1'
compiling main.c...
MAIN.C(4): error C202: 'p2': undefined identifier
目标未创建
Build target '目标 1'
compiling main.c...
linking...
Program Size: data=9.0 xdata=0 code=20
"project" - 0 Error(s), 0 Warning(s).
Build target '目标 1'
compiling main.c...
linking...
Program Size: data=9.0 xdata=0 code=19
creating hex file from "project"...
"project" - 0 Error(s), 0 Warning(s).
Build target '目标 1'
compiling main.c...
MAIN.C(8): warning C206: 'IF': missing function-prototype
MAIN.C(8): error C267: 'IF': requires ANSI-style prototype
MAIN.C(9): error C141: syntax error near '{'
目标未创建
Build target '目标 1'
compiling main.c...
MAIN.C(8): warning C206: 'IF': missing function-prototype
MAIN.C(8): error C267: 'IF': requires ANSI-style prototype
MAIN.C(9): error C141: syntax error near '{'
目标未创建
Build target '目标 1'
compiling main.c...
MAIN.C(13): error C141: syntax error near '{'
目标未创建
Build target '目标 1'
compiling main.c...
MAIN.C(13): error C141: syntax error near '{'
目标未创建
Build target '目标 1'
compiling main.c...
MAIN.C(13): error C141: syntax error near '{'
目标未创建
Build target '目标 1'
compiling main.c...
MAIN.C(12): error C141: syntax error near ')'
目标未创建
Build target '目标 1'
compiling main.c...
linking...
Program Size: data=9.0 xdata=0 code=26
creating hex file from "project"...
"project" - 0 Error(s), 0 Warning(s).
Build target '目标 1'
compiling main.c...
linking...
Program Size: data=9.0 xdata=0 code=26
creating hex file from "project"...
"project" - 0 Error(s), 0 Warning(s).
Build target '目标 1'
compiling main.c...
linking...
Program Size: data=9.0 xdata=0 code=26
creating hex file from "project"...
"project" - 0 Error(s), 0 Warning(s).
Build target '目标 1'
compiling main.c...
linking...
Program Size: data=9.0 xdata=0 code=29
creating hex file from "project"...
"project" - 0 Error(s), 0 Warning(s).
Build target '目标 1'
compiling main.c...
MAIN.C(23): error C141: syntax error near ';'
MAIN.C(26): error C141: syntax error near '{'
MAIN.C(27): error C141: syntax error near ';'
MAIN.C(45): error C141: syntax error near ''
目标未创建
Build target '目标 1'
compiling main.c...
MAIN.C(19): error C141: syntax error near 'while'
MAIN.C(19): error C141: syntax error near '1'
MAIN.C(20): error C231: 'P2': redefinition
MAIN.C(20): error C231: 'P2': redefinition
MAIN.C(21): error C141: syntax error near 'if'
MAIN.C(21): error C141: syntax error near '==', expected ')'
MAIN.C(23): error C129: missing ';' before '>>'
目标未创建
Build target '目标 1'
compiling main.c...
MAIN.C(23): error C141: syntax error near ';'
MAIN.C(26): error C141: syntax error near '{'
MAIN.C(27): error C141: syntax error near ';'
目标未创建
Build target '目标 1'
compiling main.c...
MAIN.C(24): error C141: syntax error near '}'
MAIN.C(26): error C141: syntax error near '{'
MAIN.C(28): error C141: syntax error near '}'
目标未创建
Build target '目标 1'
compiling main.c...
MAIN.C(21): error C141: syntax error near ';'
MAIN.C(21): error C141: syntax error near ')'
MAIN.C(23): error C141: syntax error near ';'
MAIN.C(25): error C141: syntax error near 'else'
MAIN.C(25): error C141: syntax error near ';'
MAIN.C(25): error C141: syntax error near ')'
MAIN.C(27): error C141: syntax error near ';'
目标未创建
Build target '目标 1'
compiling main.c...
MAIN.C(21): error C141: syntax error near ';'
MAIN.C(21): error C141: syntax error near ')'
MAIN.C(24): error C141: syntax error near '}'
MAIN.C(25): error C141: syntax error near 'else'
MAIN.C(25): error C141: syntax error near ';'
MAIN.C(25): error C141: syntax error near ')'
MAIN.C(28): error C141: syntax error near '}'
目标未创建
Build target '目标 1'
compiling main.c...
MAIN.C(24): error C141: syntax error near '}'
MAIN.C(26): error C141: syntax error near '{'
MAIN.C(28): error C141: syntax error near '}'
目标未创建
Build target '目标 1'
compiling main.c...
MAIN.C(23): error C141: syntax error near ';'
MAIN.C(26): error C141: syntax error near '{'
MAIN.C(27): error C141: syntax error near ';'
目标未创建
Build target '目标 1'
compiling main.c...
linking...
Program Size: data=9.0 xdata=0 code=20
creating hex file from "project"...
"project" - 0 Error(s), 0 Warning(s).
Build target '目标 1'
compiling main.c...
MAIN.C(36): error C141: syntax error near ''
目标未创建
Build target '目标 1'
compiling main.c...
linking...
Program Size: data=9.0 xdata=0 code=20
creating hex file from "project"...
"project" - 0 Error(s), 0 Warning(s).
Build target '目标 1'
compiling main.c...
MAIN.C(23): error C141: syntax error near ';'
MAIN.C(26): error C141: syntax error near '{'
MAIN.C(27): error C141: syntax error near ';'
目标未创建
Build target '目标 1'
compiling main.c...
MAIN.C(26): error C141: syntax error near '{'
目标未创建
Build target '目标 1'
compiling main.c...
MAIN.C(26): error C141: syntax error near '{'
目标未创建
Build target '目标 1'
compiling main.c...
MAIN.C(26): error C141: syntax error near '{'
目标未创建
Build target '目标 1'
compiling main.c...
MAIN.C(26): error C141: syntax error near '{'
目标未创建
Build target '目标 1'
compiling main.c...
MAIN.C(27): error C141: syntax error near 'P2_0'
MAIN.C(31): error C141: syntax error near '}'
目标未创建
Build target '目标 1'
compiling main.c...
MAIN.C(26): error C141: syntax error near '{'
目标未创建
Build target '目标 1'
compiling main.c...
MAIN.C(26): error C141: syntax error near '{'
目标未创建
Build target '目标 1'
compiling main.c...
linking...
Program Size: data=9.0 xdata=0 code=29
creating hex file from "project"...
"project" - 0 Error(s), 0 Warning(s).
Build target '目标 1'
compiling main.c...
linking...
Program Size: data=9.0 xdata=0 code=29
creating hex file from "project"...
"project" - 0 Error(s), 0 Warning(s).
Build target '目标 1'
compiling main.c...
linking...
Program Size: data=9.0 xdata=0 code=29
creating hex file from "project"...
"project" - 0 Error(s), 0 Warning(s).
Build target '目标 1'
compiling main.c...
linking...
Program Size: data=9.0 xdata=0 code=29
creating hex file from "project"...
"project" - 0 Error(s), 0 Warning(s).
Build target '目标 1'
compiling main.c...
linking...
Program Size: data=9.0 xdata=0 code=29
creating hex file from "project"...
"project" - 0 Error(s), 0 Warning(s).
