<html>
<body>
<pre>
<h1>Vision Build Log</h1>
<h2>Project:</h2>
C:\Users\19745\Desktop\新建文件夹\3.2独立按键控制led状态\project.uvproj
Project File Date:  10/19/2023

<h2>Output:</h2>
Build target '目标 1'
compiling mian.c...
linking...
*** WARNING L16: UNCALLED SEGMENT, IGNORED FOR OVERLAY PROCESS
    SEGMENT: ?PR?DELAY1MS?MIAN
Program Size: data=9.0 xdata=0 code=26
"project" - 0 Error(s), 1 Warning(s).
Build target '目标 1'
compiling mian.c...
mian.c(2): warning C315: unknown #directive 'inclued'
linking...
*** WARNING L16: UNCALLED SEGMENT, IGNORED FOR OVERLAY PROCESS
    SEGMENT: ?PR?DELAY1MS?MIAN
Program Size: data=9.0 xdata=0 code=26
"project" - 0 Error(s), 2 Warning(s).
Build target '目标 1'
compiling mian.c...
linking...
*** WARNING L16: UNCALLED SEGMENT, IGNORED FOR OVERLAY PROCESS
    SEGMENT: ?PR?DELAY1MS?MIAN
Program Size: data=9.0 xdata=0 code=26
"project" - 0 Error(s), 1 Warning(s).
Build target '目标 1'
compiling mian.c...
MIAN.C(22): error C202: 'delay500': undefined identifier
MIAN.C(23): error C202: 'p2_0': undefined identifier
MIAN.C(24): error C202: 'delay500': undefined identifier
目标未创建
Build target '目标 1'
compiling mian.c...
MIAN.C(22): error C202: 'Delay500': undefined identifier
MIAN.C(23): error C202: 'p2_0': undefined identifier
MIAN.C(24): error C202: 'Delay500': undefined identifier
目标未创建
Build target '目标 1'
compiling mian.c...
MIAN.C(23): error C202: 'p2_0': undefined identifier
目标未创建
Build target '目标 1'
compiling mian.c...
linking...
Program Size: data=9.0 xdata=0 code=55
"project" - 0 Error(s), 0 Warning(s).
Build target '目标 1'
compiling mian.c...
linking...
Program Size: data=9.0 xdata=0 code=55
"project" - 0 Error(s), 0 Warning(s).
Build target '目标 1'
compiling mian.c...
linking...
Program Size: data=9.0 xdata=0 code=55
creating hex file from "project"...
"project" - 0 Error(s), 0 Warning(s).
Build target '目标 1'
compiling mian.c...
MIAN.C(22): warning C276: constant in condition expression
linking...
Program Size: data=9.0 xdata=0 code=58
creating hex file from "project"...
"project" - 0 Error(s), 1 Warning(s).
Build target '目标 1'
compiling mian.c...
linking...
Program Size: data=9.0 xdata=0 code=58
creating hex file from "project"...
"project" - 0 Error(s), 0 Warning(s).
Build target '目标 1'
compiling mian.c...
MIAN.C(24): error C141: syntax error near ')'
MIAN.C(29): error C141: syntax error near '}'
目标未创建
Build target '目标 1'
compiling mian.c...
MIAN.C(24): error C141: syntax error near ')'
MIAN.C(30): error C141: syntax error near '}'
目标未创建
Build target '目标 1'
compiling mian.c...
MIAN.C(24): error C141: syntax error near ')'
目标未创建
Build target '目标 1'
compiling mian.c...
linking...
Program Size: data=9.0 xdata=0 code=59
creating hex file from "project"...
"project" - 0 Error(s), 0 Warning(s).
Build target '目标 1'
compiling mian.c...
linking...
Program Size: data=9.0 xdata=0 code=59
creating hex file from "project"...
"project" - 0 Error(s), 0 Warning(s).
Build target '目标 1'
compiling mian.c...
MIAN.C(43): error C141: syntax error near '}'
目标未创建
Build target '目标 1'
compiling mian.c...
linking...
Program Size: data=9.0 xdata=0 code=59
creating hex file from "project"...
"project" - 0 Error(s), 0 Warning(s).
Build target '目标 1'
compiling mian.c...
linking...
Program Size: data=9.0 xdata=0 code=59
creating hex file from "project"...
"project" - 0 Error(s), 0 Warning(s).
Build target '目标 1'
compiling mian.c...
linking...
Program Size: data=9.0 xdata=0 code=59
creating hex file from "project"...
"project" - 0 Error(s), 0 Warning(s).
Build target '目标 1'
compiling mian.c...
linking...
Program Size: data=9.0 xdata=0 code=97
creating hex file from "project"...
"project" - 0 Error(s), 0 Warning(s).
Build target '目标 1'
compiling mian.c...
linking...
Program Size: data=9.0 xdata=0 code=97
creating hex file from "project"...
"project" - 0 Error(s), 0 Warning(s).
